[debug] [2025-12-04T01:46:53.183Z] ----------------------------------------------------------------------
[debug] [2025-12-04T01:46:53.185Z] Command:       /opt/homebrew/Cellar/node/23.5.0/bin/node /opt/homebrew/bin/firebase init
[debug] [2025-12-04T01:46:53.185Z] CLI Version:   14.26.0
[debug] [2025-12-04T01:46:53.185Z] Platform:      darwin
[debug] [2025-12-04T01:46:53.185Z] Node Version:  v23.5.0
[debug] [2025-12-04T01:46:53.185Z] Time:          Wed Dec 03 2025 20:46:53 GMT-0500 (Eastern Standard Time)
[debug] [2025-12-04T01:46:53.186Z] ----------------------------------------------------------------------
[debug] 
[info] 
     ######## #### ########  ######## ########     ###     ######  ########
     ##        ##  ##     ## ##       ##     ##  ##   ##  ##       ##
     ######    ##  ########  ######   ########  #########  ######  ######
     ##        ##  ##    ##  ##       ##     ## ##     ##       ## ##
     ##       #### ##     ## ######## ########  ##     ##  ######  ########

You're about to initialize a Firebase project in this directory:

  /Users/College/projects/myKyar

[info] 
=== Project Setup
[info] 
[info] First, let's associate this project directory with a Firebase project.
[info] You can create multiple project aliases by running firebase use --add, 
[info] 
[debug] [2025-12-04T01:47:12.293Z] > command requires scopes: ["email","openid","https://www.googleapis.com/auth/cloudplatformprojects.readonly","https://www.googleapis.com/auth/firebase","https://www.googleapis.com/auth/cloud-platform"]
[debug] [2025-12-04T01:47:12.293Z] > authorizing via signed-in user (minmaung0307@gmail.com)
[debug] [2025-12-04T01:47:12.294Z] Checked if tokens are valid: false, expires at: 1764812848555
[debug] [2025-12-04T01:47:12.294Z] Checked if tokens are valid: false, expires at: 1764812848555
[debug] [2025-12-04T01:47:12.294Z] > refreshing access token with scopes: []
[debug] [2025-12-04T01:47:12.297Z] >>> [apiv2][query] POST https://www.googleapis.com/oauth2/v3/token [none]
[debug] [2025-12-04T01:47:12.297Z] >>> [apiv2][body] POST https://www.googleapis.com/oauth2/v3/token [omitted]
[debug] [2025-12-04T01:47:12.537Z] <<< [apiv2][status] POST https://www.googleapis.com/oauth2/v3/token 200
[debug] [2025-12-04T01:47:12.537Z] <<< [apiv2][body] POST https://www.googleapis.com/oauth2/v3/token [omitted]
[debug] [2025-12-04T01:47:12.555Z] >>> [apiv2][query] GET https://firebase.googleapis.com/v1beta1/projects pageSize=100
[debug] [2025-12-04T01:47:13.021Z] <<< [apiv2][status] GET https://firebase.googleapis.com/v1beta1/projects 200
[debug] [2025-12-04T01:47:13.021Z] <<< [apiv2][body] GET https://firebase.googleapis.com/v1beta1/projects [omitted]
[debug] [2025-12-04T01:47:54.365Z] ExitPromptError: User force closed the prompt with SIGINT
    at Interface.sigint (/opt/homebrew/lib/node_modules/firebase-tools/node_modules/@inquirer/core/dist/commonjs/lib/create-prompt.js:101:37)
    at Interface.emit (node:events:513:28)
    at Interface.emit (node:domain:489:12)
    at [_ttyWrite] [as _ttyWrite] (node:internal/readline/interface:1125:18)
    at ReadStream.onkeypress (node:internal/readline/interface:264:20)
    at ReadStream.emit (node:events:525:35)
    at ReadStream.emit (node:domain:489:12)
    at emitKeys (node:internal/readline/utils:370:14)
    at emitKeys.next (<anonymous>)
    at ReadStream.onData (node:internal/readline/emitKeypressEvents:64:36)
[error] 
[error] Error: An unexpected error has occurred.
[debug] [2025-12-04T01:51:45.847Z] ----------------------------------------------------------------------
[debug] [2025-12-04T01:51:45.849Z] Command:       /opt/homebrew/Cellar/node/23.5.0/bin/node /opt/homebrew/bin/firebase init
[debug] [2025-12-04T01:51:45.849Z] CLI Version:   14.26.0
[debug] [2025-12-04T01:51:45.849Z] Platform:      darwin
[debug] [2025-12-04T01:51:45.849Z] Node Version:  v23.5.0
[debug] [2025-12-04T01:51:45.849Z] Time:          Wed Dec 03 2025 20:51:45 GMT-0500 (Eastern Standard Time)
[debug] [2025-12-04T01:51:45.850Z] ----------------------------------------------------------------------
[debug] 
[info] 
     ######## #### ########  ######## ########     ###     ######  ########
     ##        ##  ##     ## ##       ##     ##  ##   ##  ##       ##
     ######    ##  ########  ######   ########  #########  ######  ######
     ##        ##  ##    ##  ##       ##     ## ##     ##       ## ##
     ##       #### ##     ## ######## ########  ##     ##  ######  ########

You're about to initialize a Firebase project in this directory:

  /Users/College/projects/myKyar

[info] 
=== Project Setup
[info] 
[info] First, let's associate this project directory with a Firebase project.
[info] You can create multiple project aliases by running firebase use --add, 
[info] 
[info] i  If you want to create a project in a Google Cloud organization or folder, please use "firebase projects:create" instead, and return to this command when you've created the project. 
[debug] [2025-12-04T01:52:51.715Z] > command requires scopes: ["email","openid","https://www.googleapis.com/auth/cloudplatformprojects.readonly","https://www.googleapis.com/auth/firebase","https://www.googleapis.com/auth/cloud-platform"]
[debug] [2025-12-04T01:52:51.715Z] > authorizing via signed-in user (minmaung0307@gmail.com)
[debug] [2025-12-04T01:53:08.074Z] Checked if tokens are valid: true, expires at: 1764816431537
[debug] [2025-12-04T01:53:08.075Z] Checked if tokens are valid: true, expires at: 1764816431537
[debug] [2025-12-04T01:53:08.076Z] >>> [apiv2][query] POST https://firebase.googleapis.com/v1/projects:checkProjectId [none]
[debug] [2025-12-04T01:53:08.076Z] >>> [apiv2][body] POST https://firebase.googleapis.com/v1/projects:checkProjectId {"proposedId":"mmkyar"}
[debug] [2025-12-04T01:53:08.453Z] <<< [apiv2][status] POST https://firebase.googleapis.com/v1/projects:checkProjectId 200
[debug] [2025-12-04T01:53:08.453Z] <<< [apiv2][body] POST https://firebase.googleapis.com/v1/projects:checkProjectId {"projectIdStatus":"PROJECT_ID_UNAVAILABLE","suggestedProjectId":"mmkyar-40461"}
[debug] [2025-12-04T01:53:20.463Z] Checked if tokens are valid: true, expires at: 1764816431537
[debug] [2025-12-04T01:53:20.464Z] Checked if tokens are valid: true, expires at: 1764816431537
[debug] [2025-12-04T01:53:20.464Z] >>> [apiv2][query] POST https://firebase.googleapis.com/v1/projects:checkProjectId [none]
[debug] [2025-12-04T01:53:20.464Z] >>> [apiv2][body] POST https://firebase.googleapis.com/v1/projects:checkProjectId {"proposedId":"mm-kyar"}
[debug] [2025-12-04T01:53:20.761Z] <<< [apiv2][status] POST https://firebase.googleapis.com/v1/projects:checkProjectId 200
[debug] [2025-12-04T01:53:20.761Z] <<< [apiv2][body] POST https://firebase.googleapis.com/v1/projects:checkProjectId {"projectIdStatus":"PROJECT_ID_UNAVAILABLE","suggestedProjectId":"mm-kyar-e3993"}
[debug] [2025-12-04T01:53:37.797Z] Checked if tokens are valid: true, expires at: 1764816431537
[debug] [2025-12-04T01:53:37.797Z] Checked if tokens are valid: true, expires at: 1764816431537
[debug] [2025-12-04T01:53:37.798Z] >>> [apiv2][query] POST https://firebase.googleapis.com/v1/projects:checkProjectId [none]
[debug] [2025-12-04T01:53:37.798Z] >>> [apiv2][body] POST https://firebase.googleapis.com/v1/projects:checkProjectId {"proposedId":"mmkyar-us"}
[debug] [2025-12-04T01:53:38.045Z] <<< [apiv2][status] POST https://firebase.googleapis.com/v1/projects:checkProjectId 200
[debug] [2025-12-04T01:53:38.046Z] <<< [apiv2][body] POST https://firebase.googleapis.com/v1/projects:checkProjectId {"projectIdStatus":"PROJECT_ID_AVAILABLE","suggestedProjectId":"mmkyar-us"}
[debug] [2025-12-04T01:53:44.534Z] Checked if tokens are valid: true, expires at: 1764816431537
[debug] [2025-12-04T01:53:44.535Z] Checked if tokens are valid: true, expires at: 1764816431537
[debug] [2025-12-04T01:53:44.535Z] >>> [apiv2][query] POST https://cloudresourcemanager.googleapis.com/v1/projects [none]
[debug] [2025-12-04T01:53:44.535Z] >>> [apiv2][body] POST https://cloudresourcemanager.googleapis.com/v1/projects {"projectId":"mmkyar-us","name":"mmkyar-us"}
[debug] [2025-12-04T01:53:45.080Z] <<< [apiv2][status] POST https://cloudresourcemanager.googleapis.com/v1/projects 200
[debug] [2025-12-04T01:53:45.080Z] <<< [apiv2][body] POST https://cloudresourcemanager.googleapis.com/v1/projects {"name":"operations/create_project.global.6465554803593938629"}
[debug] [2025-12-04T01:53:45.080Z] Checked if tokens are valid: true, expires at: 1764816431537
[debug] [2025-12-04T01:53:45.080Z] Checked if tokens are valid: true, expires at: 1764816431537
[debug] [2025-12-04T01:53:45.081Z] >>> [apiv2][query] GET https://cloudresourcemanager.googleapis.com/v1/operations/create_project.global.6465554803593938629 [none]
[debug] [2025-12-04T01:53:45.257Z] <<< [apiv2][status] GET https://cloudresourcemanager.googleapis.com/v1/operations/create_project.global.6465554803593938629 200
[debug] [2025-12-04T01:53:45.257Z] <<< [apiv2][body] GET https://cloudresourcemanager.googleapis.com/v1/operations/create_project.global.6465554803593938629 {"name":"operations/create_project.global.6465554803593938629","metadata":{"@type":"type.googleapis.com/google.cloudresourcemanager.v1.ProjectCreationStatus","ready":true},"done":true,"error":{"code":8,"message":"The project cannot be created because you have exceeded your allotted project quota.","details":[{"@type":"type.googleapis.com/google.rpc.QuotaFailure","violations":[{"description":"The project cannot be created because you have exceeded your allotted project quota."}]}]}}
[debug] [2025-12-04T01:53:45.260Z] FirebaseError: The project cannot be created because you have exceeded your allotted project quota.
    at OperationPoller.poll (/opt/homebrew/lib/node_modules/firebase-tools/lib/operation-poller.js:24:19)
    at process.processTicksAndRejections (node:internal/process/task_queues:105:5)
    at async createCloudProject (/opt/homebrew/lib/node_modules/firebase-tools/lib/management/projects.js:227:29)
    at async createFirebaseProjectAndLog (/opt/homebrew/lib/node_modules/firebase-tools/lib/management/projects.js:87:9)
    at async Object.doSetup (/opt/homebrew/lib/node_modules/firebase-tools/lib/init/features/project.js:65:24)
    at async init (/opt/homebrew/lib/node_modules/firebase-tools/lib/init/index.js:77:13)
    at async Command.initAction [as actionFn] (/opt/homebrew/lib/node_modules/firebase-tools/lib/commands/init.js:217:5)
[error] 
[error] Error: Failed to create project. See firebase-debug.log for more info.
